<?xml version="1.0" encoding="UTF-8"?>
<!-- Generated by org.testng.reporters.JUnitReportReporter -->
<testsuite skipped="0" hostname="r-PC" name="com.qa.FreeCrmPro.TestCases.LoginPageTest" tests="1" failures="0" timestamp="02 Jul 2019 10:31:02 GMT" time="27.908" errors="0">
  <testcase name="loginTest" time="27.908" classname="com.qa.FreeCrmPro.TestCases.LoginPageTest"/>
</testsuite> <!-- com.qa.FreeCrmPro.TestCases.LoginPageTest -->
