<?xml version="1.0" encoding="UTF-8"?>
<!-- Generated by org.testng.reporters.JUnitReportReporter -->
<testsuite skipped="0" hostname="r-PC" name="com.qa.FreeCrmPro.TestCases.HomePageTest" tests="5" failures="0" timestamp="18 Jun 2019 11:10:27 GMT" time="128.779" errors="0">
  <testcase name="loginPageTitleTest" time="21.074" classname="com.qa.FreeCrmPro.TestCases.HomePageTest"/>
  <testcase name="verifyUserTest" time="26.683" classname="com.qa.FreeCrmPro.TestCases.HomePageTest"/>
  <testcase name="verifyContactsClick" time="26.085" classname="com.qa.FreeCrmPro.TestCases.HomePageTest"/>
  <testcase name="verifyCompaniesClick" time="28.203" classname="com.qa.FreeCrmPro.TestCases.HomePageTest"/>
  <testcase name="verifyDealsClick" time="26.734" classname="com.qa.FreeCrmPro.TestCases.HomePageTest"/>
</testsuite> <!-- com.qa.FreeCrmPro.TestCases.HomePageTest -->
